        -:    0:Source:main.cpp
        -:    0:Graph:program-main.gcno
        -:    0:Data:program-main.gcda
        -:    0:Runs:1
        -:    1:#include <iostream>
        -:    2:#include <string>
        -:    3:#include <random>
        -:    4:
        -:    5:#include "State.h"
        -:    6:#include "Traveller.h"
        -:    7:#include "BicycleMovement.h"
        -:    8:#include "CarMovement.h"
        -:    9:#include "FootMovement.h"
        -:   10:#include "TrainMovement.h"
        -:   11:
        -:   12:#include "Route.h"
        -:   13:#include "RouteStrategy.h"
        -:   14:#include "ScenicRoute.h"
        -:   15:#include "ShortestRoute.h"
        -:   16:#include "BestRoute.h"
        -:   17:#include "CheaperRoute.h"
        -:   18:#include "FastestRoute.h"
        -:   19:
        -:   20:#include "all.h"
        -:   21:
        -:   22:#include "Map.h"
        -:   23:#include "Location.h"
        -:   24:#include "Locations.h"
        -:   25:#include "LocationSpecifications.h"
        -:   26:#include "Region.h"
        -:   27:#include "Quest.h"
        -:   28:#include "Weather.h"
        -:   29:#include "Toll.h"
        -:   30:
        1:   31:int main(void) {
        -:   32:    // ================== states pattern =======================================================================
        1:   33:    std::random_device rd;
        1:   34:    std::mt19937 gen(rd());
        1:   35:    std::uniform_int_distribution<int> dist(1, 100);
        -:   36:
        1:   37:    int number = dist(gen);
        -:   38:
       1*:   39:    Traveller* traveller = new Traveller();
       1*:   40:    State* state = new AirMovement();
        1:   41:    traveller->setState(state);
        -:   42:
        -:   43:    while (true){
       84:   44:        traveller->incrementDistance();
       84:   45:        if (number == traveller->getDistance()) {
        2:   46:            traveller->change("BicycleMovement"); 
        1:   47:            traveller->setDistance(0);
        1:   48:            break;             
        -:   49:        }
        -:   50:    }
        -:   51:
        -:   52:    while (true){
        6:   53:        traveller->incrementDistance();
        6:   54:        if (traveller->getState()->timeIncrement(traveller->getDistance()) > 20) {
        2:   55:            traveller->change("CarMovement"); 
        1:   56:            traveller->setDistance(0);
        1:   57:            break;             
        -:   58:        }
        -:   59:    }
        -:   60:
        -:   61:    while (true){
       39:   62:        traveller->incrementDistance();
       39:   63:        if (traveller->getState()->timeIncrement(traveller->getDistance()) > 50) {
        2:   64:            traveller->change("FootMovement"); 
        1:   65:            traveller->setDistance(0);
        1:   66:            break;             
        -:   67:        }
        -:   68:    }
        -:   69:
        -:   70:    while (true){
       24:   71:        traveller->incrementDistance();
       24:   72:        if (traveller->getState()->timeIncrement(traveller->getDistance()) > 10) {
        2:   73:            traveller->change("TrainMovement"); 
        1:   74:            traveller->setDistance(0);
        1:   75:            break;             
        -:   76:        }
        -:   77:    } 
        1:   78:    delete traveller;
        -:   79:
        -:   80:    //======================== strategy pattern ============================================================================
       1*:   81:    Route* route = new Route();
       1*:   82:    route->setStrategy(new BestRoute()); // Strategy change
        1:   83:    route->getRoute()->useRoute();
        1:   84:    std::cout << "\n";
        -:   85:
       1*:   86:    route->setStrategy(new CheaperRoute()); // Strategy change
        1:   87:    route->getRoute()->useRoute();
        1:   88:    std::cout << "\n";
        -:   89:
       1*:   90:    route->setStrategy(new FastestRoute()); // Strategy change
        1:   91:    route->getRoute()->useRoute();
        1:   92:    std::cout << "\n";
        -:   93:
       1*:   94:    route->setStrategy(new ScenicRoute()); // Strategy change
        1:   95:    route->getRoute()->useRoute();
        1:   96:    std::cout << "\n";
        -:   97:
       1*:   98:    route->setStrategy(new ShortestRoute()); // Strategy change
        1:   99:    route->getRoute()->useRoute();
        1:  100:    std::cout << "\n";
        -:  101:
        1:  102:    delete route;
        -:  103:
        -:  104:
        -:  105:    // ============================== Abstract factory ===============================================================
       1*:  106:    WorldBuilder* factory1 = new CityFactory();
       1*:  107:    WorldBuilder* factory2 = new ForestFactory();
       1*:  108:    WorldBuilder* factory3 = new DesertFactory();
       1*:  109:    WorldBuilder* factory4 = new OceanFactory();
        -:  110:
        1:  111:    NPC* cityNPC = factory1->createNPC();
        1:  112:    NPC* forestNPC = factory2->createNPC();
        1:  113:    NPC* desertNPC = factory3->createNPC();
        1:  114:    NPC* oceanNPC = factory4->createNPC();
        -:  115:
        1:  116:    cityNPC->observe();
        1:  117:    forestNPC->observe();
        1:  118:    desertNPC->observe();
        1:  119:    oceanNPC->observe();
        -:  120:
        1:  121:    delete cityNPC;
        1:  122:    delete forestNPC;
        1:  123:    delete desertNPC;
        1:  124:    delete oceanNPC;
        -:  125:
        1:  126:    delete factory1;
        1:  127:    delete factory2;
        1:  128:    delete factory3;
        1:  129:    delete factory4;
        -:  130:
        -:  131:
        -:  132:    // ============================== Decorator ====================================================================================
       1*:  133:    Map* location1 = new Location();
       1*:  134:    Map* QuestLocation = new Quest(location1);
       1*:  135:    Map* TollQuestLocation = new Toll(QuestLocation);
       1*:  136:    Map* WeatherTollQuestLocation = new Toll(TollQuestLocation);
        -:  137:
       1*:  138:    Map* location2 = new Location();
       1*:  139:    Map* TollLocation2 = new Toll(location2);
       1*:  140:    Map* WeatherTollLocation = new Toll(TollLocation2);
        -:  141:
        -:  142:
       1*:  143:    Map* location3 = new Location();
       1*:  144:    Map* QuestLocation3 = new Quest(location3);
       1*:  145:    Map* TollQuestLocation3 = new Toll(QuestLocation3);
        -:  146:
        -:  147:
        -:  148:    // ============================== Composite ====================================================================================
       1*:  149:    Region* locations = new Region();
        1:  150:    locations->add(WeatherTollQuestLocation);
        1:  151:    locations->add(WeatherTollLocation);
        1:  152:    locations->add(TollQuestLocation3);
        -:  153:
        1:  154:    delete locations;
        -:  155:
        1:  156:    return 0;
        1:  157:}
